2025-01-08 15:24:48: INFO: ---test_valid_login_user_data_driven started---
2025-01-08 15:24:49: INFO: test data is failed
2025-01-08 15:24:50: INFO: test data is Passed
2025-01-08 15:24:50: INFO: test data is Passed
2025-01-08 15:24:50: INFO: Test driven test case is failed
2025-01-08 15:25:37: INFO: ---test_valid_login_user_data_driven started---
2025-01-08 15:25:43: INFO: test data is failed
2025-01-08 15:25:49: INFO: test data is Passed
2025-01-08 15:25:55: INFO: test data is Passed
2025-01-08 15:25:55: INFO: Test driven test case is failed
2025-01-08 15:26:11: INFO: ---test_valid_login_user_data_driven started---
2025-01-08 15:26:17: INFO: test data is failed
2025-01-08 15:26:23: INFO: test data is Passed
2025-01-08 15:26:29: INFO: test data is Passed
2025-01-08 15:26:29: INFO: Test driven test case is failed
2025-01-08 15:28:02: INFO: ---test_valid_login_user_data_driven started---
2025-01-08 15:28:09: INFO: test data is failed
2025-01-08 15:28:15: INFO: test data is Passed
2025-01-08 15:28:22: INFO: test data is Passed
2025-01-08 15:28:22: INFO: Test driven test case is failed
2025-01-08 15:31:13: INFO: ---test_valid_login_user_data_driven started---
2025-01-08 15:31:19: INFO: test data is failed
2025-01-08 15:31:25: INFO: test data is Passed
2025-01-08 15:31:31: INFO: test data is Passed
2025-01-08 15:31:31: INFO: Test driven test case is failed
2025-01-08 15:35:01: INFO: ---test_valid_login_user_data_driven started---
2025-01-08 15:35:07: INFO: test data is failed
2025-01-08 15:35:13: INFO: test data is Passed
2025-01-08 15:35:19: INFO: test data is Passed
2025-01-08 15:35:19: INFO: Test driven test case is failed
2025-01-08 15:37:21: INFO: ---test_valid_login_user_data_driven started---
2025-01-08 15:37:22: INFO: test data is failed
2025-01-08 15:37:22: INFO: test data is Passed
2025-01-08 15:37:23: INFO: test data is Passed
2025-01-08 15:37:23: INFO: Test driven test case is failed
2025-01-08 15:38:03: INFO: ---test_valid_login_user_data_driven started---
2025-01-08 15:38:04: INFO: test data is failed
2025-01-08 15:38:05: INFO: test data is Passed
2025-01-08 15:38:06: INFO: test data is Passed
2025-01-08 15:38:06: INFO: Test driven test case is failed
2025-01-08 15:39:29: INFO: ---test_valid_login_user_data_driven started---
2025-01-08 15:39:33: INFO: test data is failed
2025-01-08 15:39:37: INFO: test data is Passed
2025-01-08 15:39:43: INFO: test data is Passed
2025-01-08 15:39:43: INFO: Test driven test case is failed
2025-01-08 15:40:21: INFO: ---test_valid_login_user_data_driven started---
2025-01-08 15:40:25: INFO: test data is failed
2025-01-08 15:40:29: INFO: test data is Passed
2025-01-08 15:40:32: INFO: test data is Passed
2025-01-08 15:40:32: INFO: Test driven test case is failed
2025-01-08 15:41:55: INFO: ---test_valid_login_user_data_driven started---
2025-01-08 15:41:59: INFO: test data is failed
2025-01-08 15:42:02: INFO: test data is Passed
2025-01-08 15:42:06: INFO: test data is Passed
2025-01-08 15:42:06: INFO: Test driven test case is failed
2025-01-15 16:16:56: INFO: ---test_valid_login_user_data_driven started---
2025-01-15 16:17:00: INFO: test data is failed
2025-01-15 16:17:03: INFO: test data is Passed
2025-01-15 16:17:07: INFO: test data is Passed
2025-01-15 16:17:07: INFO: Test driven test case is failed
2025-01-15 16:17:25: INFO: ---test_valid_login_user_data_driven started---
2025-01-15 16:17:28: INFO: test data is failed
2025-01-15 16:17:32: INFO: test data is Passed
2025-01-15 16:17:35: INFO: test data is Passed
2025-01-15 16:17:35: INFO: Test driven test case is failed
2025-01-15 16:18:15: INFO: ---test_valid_login_user_data_driven started---
2025-01-15 16:18:18: INFO: test data is failed
2025-01-15 16:18:22: INFO: test data is Passed
2025-01-15 16:18:25: INFO: test data is Passed
2025-01-15 16:18:25: INFO: Test driven test case is failed
2025-01-22 15:03:44: INFO: ---test_title_verification verified---
2025-01-22 15:03:47: INFO: ---test_valid_login_user started---
2025-01-22 15:03:59: INFO: ---test_invalid_login_user started---
2025-01-22 15:04:57: INFO: --test_title_verification while registering--
2025-01-22 15:04:57: INFO: --title matching while registering--
2025-01-22 15:05:00: INFO: --test_register_user started--
